c:\users\taiblockzero\documents\visual studio 2013\projects\проект ивайло илиев 45119 ооп\проект ивайло илиев 45119 ооп\debug\vc120.pdb
c:\users\taiblockzero\documents\visual studio 2013\projects\проект ивайло илиев 45119 ооп\проект ивайло илиев 45119 ооп\debug\vc120.idb
c:\users\taiblockzero\documents\visual studio 2013\projects\проект ивайло илиев 45119 ооп\проект ивайло илиев 45119 ооп\debug\imagetype.obj
c:\users\taiblockzero\documents\visual studio 2013\projects\проект ивайло илиев 45119 ооп\проект ивайло илиев 45119 ооп\debug\main.obj
c:\users\taiblockzero\documents\visual studio 2013\projects\проект ивайло илиев 45119 ооп\проект ивайло илиев 45119 ооп\debug\p1image.obj
c:\users\taiblockzero\documents\visual studio 2013\projects\проект ивайло илиев 45119 ооп\проект ивайло илиев 45119 ооп\debug\p1monochrome.obj
c:\users\taiblockzero\documents\visual studio 2013\projects\проект ивайло илиев 45119 ооп\проект ивайло илиев 45119 ооп\debug\p2grayscale.obj
c:\users\taiblockzero\documents\visual studio 2013\projects\проект ивайло илиев 45119 ооп\проект ивайло илиев 45119 ооп\debug\p2image.obj
c:\users\taiblockzero\documents\visual studio 2013\projects\проект ивайло илиев 45119 ооп\проект ивайло илиев 45119 ооп\debug\p2monochrome.obj
c:\users\taiblockzero\documents\visual studio 2013\projects\проект ивайло илиев 45119 ооп\проект ивайло илиев 45119 ооп\debug\p3colorful.obj
c:\users\taiblockzero\documents\visual studio 2013\projects\проект ивайло илиев 45119 ооп\проект ивайло илиев 45119 ооп\debug\p3grayscale.obj
c:\users\taiblockzero\documents\visual studio 2013\projects\проект ивайло илиев 45119 ооп\проект ивайло илиев 45119 ооп\debug\p3image.obj
c:\users\taiblockzero\documents\visual studio 2013\projects\проект ивайло илиев 45119 ооп\проект ивайло илиев 45119 ооп\debug\p3monochrome.obj
c:\users\taiblockzero\documents\visual studio 2013\projects\проект ивайло илиев 45119 ооп\проект ивайло илиев 45119 ооп\debug\p4image.obj
c:\users\taiblockzero\documents\visual studio 2013\projects\проект ивайло илиев 45119 ооп\проект ивайло илиев 45119 ооп\debug\p4monochrome.obj
c:\users\taiblockzero\documents\visual studio 2013\projects\проект ивайло илиев 45119 ооп\проект ивайло илиев 45119 ооп\debug\p5grayscale.obj
c:\users\taiblockzero\documents\visual studio 2013\projects\проект ивайло илиев 45119 ооп\проект ивайло илиев 45119 ооп\debug\p5image.obj
c:\users\taiblockzero\documents\visual studio 2013\projects\проект ивайло илиев 45119 ооп\проект ивайло илиев 45119 ооп\debug\p5monochrome.obj
c:\users\taiblockzero\documents\visual studio 2013\projects\проект ивайло илиев 45119 ооп\проект ивайло илиев 45119 ооп\debug\p6colorful.obj
c:\users\taiblockzero\documents\visual studio 2013\projects\проект ивайло илиев 45119 ооп\проект ивайло илиев 45119 ооп\debug\p6grayscale.obj
c:\users\taiblockzero\documents\visual studio 2013\projects\проект ивайло илиев 45119 ооп\проект ивайло илиев 45119 ооп\debug\p6image.obj
c:\users\taiblockzero\documents\visual studio 2013\projects\проект ивайло илиев 45119 ооп\проект ивайло илиев 45119 ооп\debug\p6monochrome.obj
c:\users\taiblockzero\documents\visual studio 2013\projects\проект ивайло илиев 45119 ооп\проект ивайло илиев 45119 ооп\debug\commandlineinterpreter.obj
c:\users\taiblockzero\documents\visual studio 2013\projects\проект ивайло илиев 45119 ооп\проект ивайло илиев 45119 ооп\debug\distributor.obj
c:\users\taiblockzero\documents\visual studio 2013\projects\проект ивайло илиев 45119 ооп\debug\proekt ivailo iliev 45119 oop.ilk
c:\users\taiblockzero\documents\visual studio 2013\projects\проект ивайло илиев 45119 ооп\debug\proekt ivailo iliev 45119 oop.exe
c:\users\taiblockzero\documents\visual studio 2013\projects\проект ивайло илиев 45119 ооп\debug\proekt ivailo iliev 45119 oop.pdb
c:\users\taiblockzero\documents\visual studio 2013\projects\проект ивайло илиев 45119 ооп\проект ивайло илиев 45119 ооп\debug\proekt i.d3d3bca4.tlog\cl.command.1.tlog
c:\users\taiblockzero\documents\visual studio 2013\projects\проект ивайло илиев 45119 ооп\проект ивайло илиев 45119 ооп\debug\proekt i.d3d3bca4.tlog\cl.read.1.tlog
c:\users\taiblockzero\documents\visual studio 2013\projects\проект ивайло илиев 45119 ооп\проект ивайло илиев 45119 ооп\debug\proekt i.d3d3bca4.tlog\cl.write.1.tlog
c:\users\taiblockzero\documents\visual studio 2013\projects\проект ивайло илиев 45119 ооп\проект ивайло илиев 45119 ооп\debug\proekt i.d3d3bca4.tlog\link.command.1.tlog
c:\users\taiblockzero\documents\visual studio 2013\projects\проект ивайло илиев 45119 ооп\проект ивайло илиев 45119 ооп\debug\proekt i.d3d3bca4.tlog\link.read.1.tlog
c:\users\taiblockzero\documents\visual studio 2013\projects\проект ивайло илиев 45119 ооп\проект ивайло илиев 45119 ооп\debug\proekt i.d3d3bca4.tlog\link.write.1.tlog
